07-3-2026 10:03:28 PM error: Error log entry in server.log
07-3-2026 11:03:39 PM error: Error log entry in database.log
07-3-2026 11:03:39 PM error: Error log entry in server.log
09-3-2026 07:22:32 AM error: Error log entry in controller.log
09-3-2026 07:28:56 AM error: Error log entry in controller.log
10-3-2026 06:28:00 AM error: Error log entry in controller.log
10-3-2026 06:29:17 AM error: Error log entry in controller.log
10-3-2026 06:30:24 AM error: Error log entry in controller.log
10-3-2026 06:31:19 AM error: Error log entry in controller.log
10-3-2026 06:32:55 AM error: Error log entry in controller.log
10-3-2026 06:45:40 AM error: Error log entry in controller.log
13-3-2026 07:11:08 AM error: Error log entry in controller.log
13-3-2026 07:16:22 AM error: Error log entry in controller.log
13-3-2026 07:16:39 AM error: Error log entry in controller.log
13-3-2026 07:17:59 AM error: Error log entry in controller.log
13-3-2026 07:20:29 AM error: Error log entry in controller.log
13-3-2026 07:22:45 AM error: Error log entry in controller.log
13-3-2026 07:24:04 AM error: Error log entry in controller.log
15-3-2026 01:10:53 PM error: Error log entry in controller.log
15-3-2026 01:15:06 PM error: Error log entry in auth.log
15-3-2026 01:16:27 PM error: Error log entry in auth.log
15-3-2026 02:03:41 PM error: Error log entry in auth.log
15-3-2026 02:05:16 PM error: Error log entry in auth.log
15-3-2026 02:05:16 PM error: Error log entry in auth.log
15-3-2026 02:12:16 PM error: Error log entry in auth.log
15-3-2026 02:12:16 PM error: Error log entry in auth.log
15-3-2026 02:12:24 PM error: Error log entry in controller.log
